------------------------------------------------------------------------------------------------------------------------
      name:  <unnamed>
       log:  C:\Users\SCIENCE\Documents\stata13\Multicollinearity1.log
  log type:  text
 opened on:  20 Mar 2024, 23:31:54

. import delimited C:\Users\SCIENCE\Documents\cross.csv
(6 vars, 90 obs)
. regress c i t q pf lf

      Source |       SS       df       MS              Number of obs =      90
-------------+------------------------------           F(  5,    84) =  332.12
       Model |  1.2038e+14     5  2.4077e+13           Prob > F      =  0.0000
    Residual |  6.0895e+12    84  7.2494e+10           R-squared     =  0.9519
-------------+------------------------------           Adj R-squared =  0.9490
       Total |  1.2647e+14    89  1.4210e+12           Root MSE      =  2.7e+05

------------------------------------------------------------------------------
           c |      Coef.   Std. Err.      t    P>|t|     [95% Conf. Interval]
-------------+----------------------------------------------------------------
           i |   72728.67   40583.49     1.79   0.077    -7976.053    153433.4
           t |    38484.1   21887.27     1.76   0.082    -5041.137    82009.33
           q |    2234811   130253.5    17.16   0.000      1975788     2493834
          pf |    .702355   .2477911     2.83   0.006     .2095953    1.195115
          lf |   -3469556   779806.6    -4.45   0.000     -5020287    -1918826
       _cons |   955399.9   470156.8     2.03   0.045     20441.47     1890358
------------------------------------------------------------------------------

. rvpplot q

. correlate i t q c q pf lf
(obs=90)

             |        i        t        q        c        q       pf       lf
-------------+---------------------------------------------------------------
           i |   1.0000
           t |   0.0000   1.0000
           q |  -0.8679   0.2711   1.0000
           c |  -0.7086   0.5000   0.9263   1.0000
           q |  -0.8679   0.2711   1.0000   0.9263   1.0000
          pf |   0.0133   0.9312   0.2276   0.4790   0.2276   1.0000
          lf |  -0.3400   0.6001   0.4248   0.4143   0.4248   0.4867   1.0000


. lvr2plot

. estat vif

    Variable |       VIF       1/VIF  
-------------+----------------------
           t |     11.10    0.090076
          pf |      8.18    0.122186
           i |      5.96    0.167677
           q |      5.93    0.168625
          lf |      2.08    0.480594
-------------+----------------------
    Mean VIF |      6.65

. log close
      name:  <unnamed>
       log:  C:\Users\SCIENCE\Documents\stata13\Multicollinearity1.log
  log type:  text
 closed on:  20 Mar 2024, 23:39:23
------------------------------------------------------------------------------------------------------------------------
